<?xml version="1.0" encoding="UTF-8"?>
<!-- Generated by org.testng.reporters.JUnitReportReporter -->
<testsuite hostname="Deepak-PC" name="com.rest.gpapi.getAccount" tests="4" failures="0" timestamp="9 Mar 2019 12:51:46 GMT" time="14.254" errors="0">
  <testcase name="getAccountTest" time="2.218" classname="com.rest.gpapi.getAccount"/>
  <testcase name="getAccountTest" time="5.814" classname="com.rest.gpapi.getAccount"/>
  <testcase name="getAccountTest" time="3.761" classname="com.rest.gpapi.getAccount"/>
  <testcase name="getAccountTest" time="2.461" classname="com.rest.gpapi.getAccount"/>
</testsuite> <!-- com.rest.gpapi.getAccount -->
